GROUP,PACKAGE,CLASS,INSTRUCTION_MISSED,INSTRUCTION_COVERED,BRANCH_MISSED,BRANCH_COVERED,LINE_MISSED,LINE_COVERED,COMPLEXITY_MISSED,COMPLEXITY_COVERED,METHOD_MISSED,METHOD_COVERED
io.github.zenwave360.zenwave-sdk.plugins:asyncapi-jsonschema2pojo,io.zenwave360.sdk.plugins,AsyncApiJsonSchema2PojoGenerator.new AbstractRuleLogger() {...},44,10,2,0,14,3,9,3,8,3
io.github.zenwave360.zenwave-sdk.plugins:asyncapi-jsonschema2pojo,io.zenwave360.sdk.plugins,AsyncApiJsonSchema2PojoPlugin,4,20,0,0,1,3,1,1,1,1
io.github.zenwave360.zenwave-sdk.plugins:asyncapi-jsonschema2pojo,io.zenwave360.sdk.plugins,JsonSchema2PojoConfiguration,380,522,11,27,142,142,89,63,79,54
io.github.zenwave360.zenwave-sdk.plugins:asyncapi-jsonschema2pojo,io.zenwave360.sdk.plugins,AsyncApiJsonSchema2PojoGenerator,45,415,9,17,8,75,9,14,2,8
