GROUP,PACKAGE,CLASS,INSTRUCTION_MISSED,INSTRUCTION_COVERED,BRANCH_MISSED,BRANCH_COVERED,LINE_MISSED,LINE_COVERED,COMPLEXITY_MISSED,COMPLEXITY_COVERED,METHOD_MISSED,METHOD_COVERED
io.github.zenwave360.zenwave-sdk.plugins:zdl-to-openapi,io.zenwave360.sdk.plugins,OpenAPIToJDLPlugin,47,0,4,0,8,0,4,0,2,0
io.github.zenwave360.zenwave-sdk.plugins:zdl-to-openapi,io.zenwave360.sdk.plugins,ZDLToOpenAPIGenerator,48,752,8,50,9,147,9,40,2,18
io.github.zenwave360.zenwave-sdk.plugins:zdl-to-openapi,io.zenwave360.sdk.plugins,ZDLToOpenAPIPlugin,45,0,4,0,6,0,4,0,2,0
io.github.zenwave360.zenwave-sdk.plugins:zdl-to-openapi,io.zenwave360.sdk.plugins,OpenAPIToJDLGenerator,10,499,4,42,5,92,5,25,1,6
io.github.zenwave360.zenwave-sdk.plugins:zdl-to-openapi,io.zenwave360.sdk.plugins,PathsProcessor,21,266,8,22,3,57,7,15,0,7
