GROUP,PACKAGE,CLASS,INSTRUCTION_MISSED,INSTRUCTION_COVERED,BRANCH_MISSED,BRANCH_COVERED,LINE_MISSED,LINE_COVERED,COMPLEXITY_MISSED,COMPLEXITY_COVERED,METHOD_MISSED,METHOD_COVERED
io.github.zenwave360.zenwave-sdk:zenwave-sdk-cli,io.zenwave360.sdk.processors,ZDL2JDLProcessor,1,175,1,15,0,32,1,9,0,2
io.github.zenwave360.zenwave-sdk:zenwave-sdk-cli,io.zenwave360.sdk.processors,AbstractBaseProcessor,0,69,0,8,0,15,0,8,0,4
io.github.zenwave360.zenwave-sdk:zenwave-sdk-cli,io.zenwave360.sdk.processors,AsyncApiProcessor.SchemaFormatType,226,0,12,0,21,0,14,0,8,0
io.github.zenwave360.zenwave-sdk:zenwave-sdk-cli,io.zenwave360.sdk.processors,AsyncApiProcessor,27,610,10,68,5,119,10,39,0,10
io.github.zenwave360.zenwave-sdk:zenwave-sdk-cli,io.zenwave360.sdk.processors,ZDLProcessor,27,498,11,27,3,94,11,17,0,9
io.github.zenwave360.zenwave-sdk:zenwave-sdk-cli,io.zenwave360.sdk.processors,OpenApiProcessor,2,386,8,34,0,77,8,23,0,10
io.github.zenwave360.zenwave-sdk:zenwave-sdk-cli,io.zenwave360.sdk.zdl,ZDLHttpUtils,29,190,14,16,5,38,12,12,1,8
io.github.zenwave360.zenwave-sdk:zenwave-sdk-cli,io.zenwave360.sdk.zdl,ZDLFindUtils,49,292,9,17,8,49,10,20,3,14
io.github.zenwave360.zenwave-sdk:zenwave-sdk-cli,io.zenwave360.sdk.zdl,ZDLJavaSignatureUtils,76,574,21,61,12,99,22,39,1,19
io.github.zenwave360.zenwave-sdk:zenwave-sdk-cli,io.zenwave360.sdk.writers,TemplateStdoutWriter,0,48,0,0,0,11,0,5,0,5
io.github.zenwave360.zenwave-sdk:zenwave-sdk-cli,io.zenwave360.sdk.writers,TemplateFileWriter,15,103,2,8,4,21,3,10,1,7
io.github.zenwave360.zenwave-sdk:zenwave-sdk-cli,io.zenwave360.sdk.formatters,PalantirJavaFormatter,150,0,14,0,30,0,13,0,6,0
io.github.zenwave360.zenwave-sdk:zenwave-sdk-cli,io.zenwave360.sdk.formatters,Formatter.Formatters,0,27,0,0,0,2,0,1,0,1
io.github.zenwave360.zenwave-sdk:zenwave-sdk-cli,io.zenwave360.sdk.formatters,SpringJavaFormatter,97,102,12,4,23,21,10,6,2,6
io.github.zenwave360.zenwave-sdk:zenwave-sdk-cli,io.zenwave360.sdk.formatters,JavaFormatter,27,36,3,1,5,11,3,3,0,3
io.github.zenwave360.zenwave-sdk:zenwave-sdk-cli,io.zenwave360.sdk.formatters,GoogleJavaFormatter,144,0,14,0,28,0,13,0,6,0
io.github.zenwave360.zenwave-sdk:zenwave-sdk-cli,io.zenwave360.sdk.options.asyncapi,AsyncapiVersionType,0,31,0,0,0,4,0,3,0,3
io.github.zenwave360.zenwave-sdk:zenwave-sdk-cli,io.zenwave360.sdk.options.asyncapi,AsyncapiOperationType,0,53,1,11,0,6,1,7,0,2
io.github.zenwave360.zenwave-sdk:zenwave-sdk-cli,io.zenwave360.sdk.options.asyncapi,AsyncapiRoleType,0,15,0,0,0,2,0,1,0,1
io.github.zenwave360.zenwave-sdk:zenwave-sdk-cli,io.zenwave360.sdk.plugins,ForkPlugin,0,12,0,0,0,3,0,1,0,1
io.github.zenwave360.zenwave-sdk:zenwave-sdk-cli,io.zenwave360.sdk.plugins,ForkPluginGenerator,33,925,10,52,7,180,9,42,0,20
io.github.zenwave360.zenwave-sdk:zenwave-sdk-cli,io.zenwave360.sdk.options,PersistenceType,15,0,0,0,2,0,1,0,1,0
io.github.zenwave360.zenwave-sdk:zenwave-sdk-cli,io.zenwave360.sdk.options,ProgrammingStyle,15,0,0,0,2,0,1,0,1,0
io.github.zenwave360.zenwave-sdk:zenwave-sdk-cli,io.zenwave360.sdk.options,DatabaseType,15,0,0,0,3,0,1,0,1,0
io.github.zenwave360.zenwave-sdk:zenwave-sdk-cli,io.zenwave360.sdk.options,WebFlavorType,15,0,0,0,2,0,1,0,1,0
io.github.zenwave360.zenwave-sdk:zenwave-sdk-cli,io.zenwave360.sdk.utils,NamingUtils,22,77,3,7,5,15,6,7,3,5
io.github.zenwave360.zenwave-sdk:zenwave-sdk-cli,io.zenwave360.sdk.utils,Maps,12,121,1,13,3,28,2,11,1,5
io.github.zenwave360.zenwave-sdk:zenwave-sdk-cli,io.zenwave360.sdk.utils,AsyncAPIUtils,11,8,0,0,2,1,2,1,2,1
io.github.zenwave360.zenwave-sdk:zenwave-sdk-cli,io.zenwave360.sdk.utils,Lists,17,0,0,0,5,0,3,0,3,0
io.github.zenwave360.zenwave-sdk:zenwave-sdk-cli,io.zenwave360.sdk.utils,JSONPath,35,97,9,5,9,20,8,5,2,4
io.github.zenwave360.zenwave-sdk:zenwave-sdk-cli,io.zenwave360.sdk.utils,FluentMap,50,0,4,0,11,0,6,0,4,0
io.github.zenwave360.zenwave-sdk:zenwave-sdk-cli,io.zenwave360.sdk.utils,CommaSeparatedCollectionDeserializationHandler,8,95,3,9,1,18,3,6,0,3
io.github.zenwave360.zenwave-sdk:zenwave-sdk-cli,com.palantir.javaformat.java,JavaFormatterOptions,30,0,0,0,10,0,7,0,7,0
io.github.zenwave360.zenwave-sdk:zenwave-sdk-cli,com.palantir.javaformat.java,JavaFormatterOptions.Style,44,0,0,0,10,0,4,0,4,0
io.github.zenwave360.zenwave-sdk:zenwave-sdk-cli,com.palantir.javaformat.java,JavaFormatterOptions.Builder,27,0,0,0,8,0,4,0,4,0
io.github.zenwave360.zenwave-sdk:zenwave-sdk-cli,io.zenwave360.sdk,Help.Format,0,39,0,0,0,2,0,1,0,1
io.github.zenwave360.zenwave-sdk:zenwave-sdk-cli,io.zenwave360.sdk,Main.HelpFormatConverter,0,10,1,3,0,3,1,2,0,1
io.github.zenwave360.zenwave-sdk:zenwave-sdk-cli,io.zenwave360.sdk,Help,34,390,4,28,10,58,4,18,0,6
io.github.zenwave360.zenwave-sdk:zenwave-sdk-cli,io.zenwave360.sdk,Main,52,122,7,19,15,26,6,11,1,3
io.github.zenwave360.zenwave-sdk:zenwave-sdk-cli,io.zenwave360.sdk,Plugin,154,219,16,24,36,46,27,23,17,13
io.github.zenwave360.zenwave-sdk:zenwave-sdk-cli,io.zenwave360.sdk,MainGenerator,15,181,3,15,3,40,3,10,0,4
io.github.zenwave360.zenwave-sdk:zenwave-sdk-cli,io.zenwave360.sdk.templating,TemplateInput,46,60,1,1,13,21,4,12,3,12
io.github.zenwave360.zenwave-sdk:zenwave-sdk-cli,io.zenwave360.sdk.templating,OutputFormatType,0,27,0,0,0,2,0,1,0,1
io.github.zenwave360.zenwave-sdk:zenwave-sdk-cli,io.zenwave360.sdk.templating,HandlebarsEngine,22,119,4,2,4,25,4,6,1,6
io.github.zenwave360.zenwave-sdk:zenwave-sdk-cli,io.zenwave360.sdk.templating,CustomHandlebarsHelpers,117,382,22,46,23,75,25,37,6,22
io.github.zenwave360.zenwave-sdk:zenwave-sdk-cli,io.zenwave360.sdk.templating,TemplateOutput,15,42,0,0,5,15,1,6,1,6
io.github.zenwave360.zenwave-sdk:zenwave-sdk-cli,io.zenwave360.sdk.parsers,Parser.ParseException,4,0,0,0,2,0,1,0,1,0
io.github.zenwave360.zenwave-sdk:zenwave-sdk-cli,io.zenwave360.sdk.parsers,ZDLParser,18,148,2,8,5,31,4,10,2,7
io.github.zenwave360.zenwave-sdk:zenwave-sdk-cli,io.zenwave360.sdk.parsers,Parser,19,18,1,1,5,2,1,1,0,1
io.github.zenwave360.zenwave-sdk:zenwave-sdk-cli,io.zenwave360.sdk.parsers,Model,0,22,0,0,0,7,0,4,0,4
io.github.zenwave360.zenwave-sdk:zenwave-sdk-cli,io.zenwave360.sdk.parsers,Parser.ParseProblemsException,0,6,0,0,0,3,0,1,0,1
io.github.zenwave360.zenwave-sdk:zenwave-sdk-cli,io.zenwave360.sdk.parsers,GraphQLParser,5,112,0,0,2,15,1,2,1,2
io.github.zenwave360.zenwave-sdk:zenwave-sdk-cli,io.zenwave360.sdk.parsers,DefaultYamlParser,7,59,0,0,2,14,1,5,1,5
io.github.zenwave360.zenwave-sdk:zenwave-sdk-cli,io.zenwave360.sdk.generators,AbstractOpenAPIGenerator.OperationType,0,45,0,0,0,2,0,1,0,1
io.github.zenwave360.zenwave-sdk:zenwave-sdk-cli,io.zenwave360.sdk.generators,ZDLProjectTemplates,0,172,0,4,0,32,0,6,0,4
io.github.zenwave360.zenwave-sdk:zenwave-sdk-cli,io.zenwave360.sdk.generators,EntitiesToAvroConverter,58,553,12,58,11,81,13,31,1,8
io.github.zenwave360.zenwave-sdk:zenwave-sdk-cli,io.zenwave360.sdk.generators,Generator,14,84,0,12,4,16,0,9,0,3
io.github.zenwave360.zenwave-sdk:zenwave-sdk-cli,io.zenwave360.sdk.generators,AbstractZDLProjectGenerator,90,375,19,29,13,66,16,17,2,7
io.github.zenwave360.zenwave-sdk:zenwave-sdk-cli,io.zenwave360.sdk.generators,AbstractZDLGenerator,0,6,0,0,0,2,0,1,0,1
io.github.zenwave360.zenwave-sdk:zenwave-sdk-cli,io.zenwave360.sdk.generators,AbstractOpenAPIGenerator,21,138,4,18,4,22,6,13,2,6
io.github.zenwave360.zenwave-sdk:zenwave-sdk-cli,io.zenwave360.sdk.generators,AbstractAsyncapiGenerator.OperationRoleType,15,59,5,7,3,9,5,6,2,3
io.github.zenwave360.zenwave-sdk:zenwave-sdk-cli,io.zenwave360.sdk.generators,EntitiesToSchemasConverter,85,662,24,76,16,121,22,40,1,11
io.github.zenwave360.zenwave-sdk:zenwave-sdk-cli,io.zenwave360.sdk.generators,AbstractAsyncapiGenerator,28,288,12,38,5,55,12,25,1,11
io.github.zenwave360.zenwave-sdk:zenwave-sdk-cli,io.zenwave360.sdk.doc,PluginAnnotationProcessor,195,0,16,0,46,0,12,0,4,0
