GROUP,PACKAGE,CLASS,INSTRUCTION_MISSED,INSTRUCTION_COVERED,BRANCH_MISSED,BRANCH_COVERED,LINE_MISSED,LINE_COVERED,COMPLEXITY_MISSED,COMPLEXITY_COVERED,METHOD_MISSED,METHOD_COVERED
io.zenwave360.sdk:zenwave-sdk-cli,io.zenwave360.sdk.zdl.utils,ZDLHttpUtils,27,463,20,30,4,76,18,21,1,13
io.zenwave360.sdk:zenwave-sdk-cli,io.zenwave360.sdk.zdl.utils,ZDLJavaSignatureUtils,132,788,41,83,26,130,38,52,1,27
io.zenwave360.sdk:zenwave-sdk-cli,io.zenwave360.sdk.zdl.utils,ZDLFindUtils,113,510,16,26,16,84,17,32,6,22
io.zenwave360.sdk:zenwave-sdk-cli,io.zenwave360.sdk.processors,ZDL2JDLProcessor,1,179,1,17,0,34,1,10,0,2
io.zenwave360.sdk:zenwave-sdk-cli,io.zenwave360.sdk.processors,YamlOverlyMerger,107,79,18,12,28,20,15,6,3,3
io.zenwave360.sdk:zenwave-sdk-cli,io.zenwave360.sdk.processors,AbstractBaseProcessor,0,69,0,8,0,15,0,8,0,4
io.zenwave360.sdk:zenwave-sdk-cli,io.zenwave360.sdk.processors,AsyncApiProcessor.SchemaFormatType,58,173,12,0,11,11,12,3,6,3
io.zenwave360.sdk:zenwave-sdk-cli,io.zenwave360.sdk.processors,AsyncApiProcessor,34,649,10,64,6,121,10,37,0,10
io.zenwave360.sdk:zenwave-sdk-cli,io.zenwave360.sdk.processors,ZDLProcessor,58,762,16,48,7,142,15,30,0,13
io.zenwave360.sdk:zenwave-sdk-cli,io.zenwave360.sdk.processors,OpenApiProcessor,2,390,9,35,0,78,9,23,0,10
io.zenwave360.sdk:zenwave-sdk-cli,io.zenwave360.sdk.writers,TemplateStdoutWriter,0,48,0,0,0,11,0,5,0,5
io.zenwave360.sdk:zenwave-sdk-cli,io.zenwave360.sdk.writers,TemplateFileWriter,15,103,2,8,4,21,3,10,1,7
io.zenwave360.sdk:zenwave-sdk-cli,io.zenwave360.sdk.zdl,GeneratedProjectFiles.TemplateOutputListMap,0,22,1,1,0,5,1,2,0,2
io.zenwave360.sdk:zenwave-sdk-cli,io.zenwave360.sdk.zdl,GeneratedProjectFiles,0,328,0,0,0,58,0,3,0,3
io.zenwave360.sdk:zenwave-sdk-cli,io.zenwave360.sdk.zdl,ProjectTemplates,11,241,0,4,2,47,2,10,2,8
io.zenwave360.sdk:zenwave-sdk-cli,io.zenwave360.sdk.formatters,PalantirImportsOrganizer,13,20,2,0,6,6,2,3,1,3
io.zenwave360.sdk:zenwave-sdk-cli,io.zenwave360.sdk.formatters,PalantirJavaFormatter,77,81,10,4,15,20,8,5,1,5
io.zenwave360.sdk:zenwave-sdk-cli,io.zenwave360.sdk.formatters,ImportsOrganizer,26,12,4,0,13,4,3,3,1,3
io.zenwave360.sdk:zenwave-sdk-cli,io.zenwave360.sdk.formatters,Formatter.Formatters,0,21,0,0,0,2,0,1,0,1
io.zenwave360.sdk:zenwave-sdk-cli,io.zenwave360.sdk.formatters,SpringJavaFormatter,89,98,12,4,20,23,9,6,1,6
io.zenwave360.sdk:zenwave-sdk-cli,io.zenwave360.sdk.formatters,JavaFormatter,28,43,3,1,5,11,3,3,0,3
io.zenwave360.sdk:zenwave-sdk-cli,io.zenwave360.sdk.formatters,GoogleJavaFormatter,150,0,14,0,32,0,13,0,6,0
io.zenwave360.sdk:zenwave-sdk-cli,io.zenwave360.sdk.options.asyncapi,AsyncapiVersionType,0,31,0,0,0,4,0,3,0,3
io.zenwave360.sdk:zenwave-sdk-cli,io.zenwave360.sdk.options.asyncapi,AsyncapiOperationType,0,53,1,11,0,6,1,7,0,2
io.zenwave360.sdk:zenwave-sdk-cli,io.zenwave360.sdk.options.asyncapi,AsyncapiRoleType,0,15,0,0,0,2,0,1,0,1
io.zenwave360.sdk:zenwave-sdk-cli,io.zenwave360.sdk.zdl.layouts,LayeredProjectLayout,0,132,0,0,0,45,0,1,0,1
io.zenwave360.sdk:zenwave-sdk-cli,io.zenwave360.sdk.zdl.layouts,HexagonalProjectLayout,132,0,0,0,45,0,1,0,1,0
io.zenwave360.sdk:zenwave-sdk-cli,io.zenwave360.sdk.zdl.layouts,CleanArchitectureProjectLayout,132,0,0,0,45,0,1,0,1,0
io.zenwave360.sdk:zenwave-sdk-cli,io.zenwave360.sdk.zdl.layouts,CleanHexagonalProjectLayout,0,132,0,0,0,45,0,1,0,1
io.zenwave360.sdk:zenwave-sdk-cli,io.zenwave360.sdk.zdl.layouts,SimpleDomainProjectLayout,132,0,0,0,45,0,1,0,1,0
io.zenwave360.sdk:zenwave-sdk-cli,io.zenwave360.sdk.zdl.layouts,DefaultProjectLayout,0,3,0,0,0,1,0,1,0,1
io.zenwave360.sdk:zenwave-sdk-cli,io.zenwave360.sdk.zdl.layouts,ProjectLayout,56,290,9,13,14,78,7,10,0,6
io.zenwave360.sdk:zenwave-sdk-cli,io.zenwave360.sdk.plugins,ZdlToJsonPlugin,6,39,0,0,2,9,0,2,0,2
io.zenwave360.sdk:zenwave-sdk-cli,io.zenwave360.sdk.options,PersistenceType,15,0,0,0,2,0,1,0,1,0
io.zenwave360.sdk:zenwave-sdk-cli,io.zenwave360.sdk.options,ProgrammingStyle,15,0,0,0,2,0,1,0,1,0
io.zenwave360.sdk:zenwave-sdk-cli,io.zenwave360.sdk.options,DatabaseType,58,0,4,0,10,0,4,0,2,0
io.zenwave360.sdk:zenwave-sdk-cli,io.zenwave360.sdk.options,WebFlavorType,15,0,0,0,2,0,1,0,1,0
io.zenwave360.sdk:zenwave-sdk-cli,io.zenwave360.sdk.utils,ObjectInstantiatorDeserializationHandler,17,39,4,4,4,9,4,2,0,2
io.zenwave360.sdk:zenwave-sdk-cli,io.zenwave360.sdk.utils,NamingUtils,23,98,3,7,6,19,6,8,3,6
io.zenwave360.sdk:zenwave-sdk-cli,io.zenwave360.sdk.utils,Maps,12,121,1,13,3,28,2,11,1,5
io.zenwave360.sdk:zenwave-sdk-cli,io.zenwave360.sdk.utils,AntStyleMatcher,18,0,0,0,6,0,2,0,2,0
io.zenwave360.sdk:zenwave-sdk-cli,io.zenwave360.sdk.utils,AsyncAPIUtils,19,0,0,0,3,0,3,0,3,0
io.zenwave360.sdk:zenwave-sdk-cli,io.zenwave360.sdk.utils,Lists,3,14,0,0,1,4,1,2,1,2
io.zenwave360.sdk:zenwave-sdk-cli,io.zenwave360.sdk.utils,JSONPath,10,236,8,20,5,54,9,13,1,7
io.zenwave360.sdk:zenwave-sdk-cli,io.zenwave360.sdk.utils,FluentMap,50,0,4,0,11,0,6,0,4,0
io.zenwave360.sdk:zenwave-sdk-cli,io.zenwave360.sdk.utils,CommaSeparatedCollectionDeserializationHandler,0,103,2,10,0,19,2,7,0,3
io.zenwave360.sdk:zenwave-sdk-cli,io.zenwave360.sdk,Help.Format,0,39,0,0,0,2,0,1,0,1
io.zenwave360.sdk:zenwave-sdk-cli,io.zenwave360.sdk,Main.HelpFormatConverter,0,10,1,3,0,3,1,2,0,1
io.zenwave360.sdk:zenwave-sdk-cli,io.zenwave360.sdk,Help,99,499,15,29,27,83,11,23,1,11
io.zenwave360.sdk:zenwave-sdk-cli,io.zenwave360.sdk,Main,34,242,15,33,4,56,11,19,0,6
io.zenwave360.sdk:zenwave-sdk-cli,io.zenwave360.sdk,Plugin,212,394,31,43,49,92,35,42,13,27
io.zenwave360.sdk:zenwave-sdk-cli,io.zenwave360.sdk,MainGenerator,14,210,4,20,3,47,4,13,0,5
io.zenwave360.sdk:zenwave-sdk-cli,io.zenwave360.sdk.templating,TemplateInput,43,63,0,2,13,21,3,13,3,12
io.zenwave360.sdk:zenwave-sdk-cli,io.zenwave360.sdk.templating,OutputFormatType,0,39,0,0,0,2,0,1,0,1
io.zenwave360.sdk:zenwave-sdk-cli,io.zenwave360.sdk.templating,HandlebarsEngine,35,227,6,2,6,41,6,7,2,7
io.zenwave360.sdk:zenwave-sdk-cli,io.zenwave360.sdk.templating,CustomHandlebarsHelpers,112,490,27,55,21,93,28,46,5,28
io.zenwave360.sdk:zenwave-sdk-cli,io.zenwave360.sdk.templating,TemplateOutput,43,66,0,0,13,23,3,8,3,8
io.zenwave360.sdk:zenwave-sdk-cli,io.zenwave360.sdk.templating,HandlebarsEngine.FolderTemplateLoader,4,21,1,1,0,4,1,2,0,2
io.zenwave360.sdk:zenwave-sdk-cli,io.zenwave360.sdk.templating,HandlebarsEngine.new FieldValueResolver() {...},5,9,0,0,1,3,0,2,0,2
io.zenwave360.sdk:zenwave-sdk-cli,io.zenwave360.sdk.parsers,Parser.ParseException,4,0,0,0,2,0,1,0,1,0
io.zenwave360.sdk:zenwave-sdk-cli,io.zenwave360.sdk.parsers,ZDLParser,5,196,2,14,2,42,3,15,1,9
io.zenwave360.sdk:zenwave-sdk-cli,io.zenwave360.sdk.parsers,Parser,19,18,1,1,5,2,1,1,0,1
io.zenwave360.sdk:zenwave-sdk-cli,io.zenwave360.sdk.parsers,Model,0,22,0,0,0,7,0,4,0,4
io.zenwave360.sdk:zenwave-sdk-cli,io.zenwave360.sdk.parsers,JSONMerger,52,0,6,0,10,0,5,0,2,0
io.zenwave360.sdk:zenwave-sdk-cli,io.zenwave360.sdk.parsers,Parser.ParseProblemsException,0,6,0,0,0,3,0,1,0,1
io.zenwave360.sdk:zenwave-sdk-cli,io.zenwave360.sdk.parsers,GraphQLParser,5,8,0,0,2,3,1,2,1,2
io.zenwave360.sdk:zenwave-sdk-cli,io.zenwave360.sdk.parsers,DefaultYamlParser,19,68,1,1,7,17,4,5,3,5
io.zenwave360.sdk:zenwave-sdk-cli,io.zenwave360.sdk.generators,AbstractOpenAPIGenerator.OperationType,0,45,0,0,0,2,0,1,0,1
io.zenwave360.sdk:zenwave-sdk-cli,io.zenwave360.sdk.generators,EntitiesToAvroConverter,38,619,15,67,7,87,16,34,1,8
io.zenwave360.sdk:zenwave-sdk-cli,io.zenwave360.sdk.generators,JsonSchemaToJsonFaker,78,503,24,68,16,95,24,39,1,14
io.zenwave360.sdk:zenwave-sdk-cli,io.zenwave360.sdk.generators,Generator,14,101,0,14,4,19,0,10,0,3
io.zenwave360.sdk:zenwave-sdk-cli,io.zenwave360.sdk.generators,ZDLProjectGenerator,159,831,20,74,20,136,20,39,2,10
io.zenwave360.sdk:zenwave-sdk-cli,io.zenwave360.sdk.generators,AbstractZDLGenerator,0,6,0,0,0,2,0,1,0,1
io.zenwave360.sdk:zenwave-sdk-cli,io.zenwave360.sdk.generators,AbstractOpenAPIGenerator,58,170,14,18,14,26,12,16,3,9
io.zenwave360.sdk:zenwave-sdk-cli,io.zenwave360.sdk.generators,AbstractAsyncapiGenerator.OperationRoleType,5,69,2,10,2,10,3,8,1,4
io.zenwave360.sdk:zenwave-sdk-cli,io.zenwave360.sdk.generators,EntitiesToSchemasConverter,60,707,23,83,11,130,22,43,1,11
io.zenwave360.sdk:zenwave-sdk-cli,io.zenwave360.sdk.generators,AbstractAsyncapiGenerator,10,640,13,63,3,115,14,41,1,16
io.zenwave360.sdk:zenwave-sdk-cli,io.zenwave360.sdk.generators,AbstractAsyncapiGenerator.Templates,0,72,0,0,0,20,0,3,0,3
