GROUP,PACKAGE,CLASS,INSTRUCTION_MISSED,INSTRUCTION_COVERED,BRANCH_MISSED,BRANCH_COVERED,LINE_MISSED,LINE_COVERED,COMPLEXITY_MISSED,COMPLEXITY_COVERED,METHOD_MISSED,METHOD_COVERED
io.github.zenwave360.zenwave-code-generator.plugins:jdl-backend-application-default,io.zenwave360.generator.plugins,JDLBackendApplicationDefaultJpaHelpers,0,30,0,4,0,6,0,4,0,2
io.github.zenwave360.zenwave-code-generator.plugins:jdl-backend-application-default,io.zenwave360.generator.plugins,JDLBackendApplicationDefaultHelpers,84,297,12,20,11,57,11,15,0,10
io.github.zenwave360.zenwave-code-generator.plugins:jdl-backend-application-default,io.zenwave360.generator.plugins,JDLBackendApplicationDefaultGenerator,57,1103,15,49,4,94,15,39,3,19
io.github.zenwave360.zenwave-code-generator.plugins:jdl-backend-application-default,io.zenwave360.generator.plugins,JDLBackendApplicationDefaultPlugin,5,35,1,1,1,5,1,2,0,2
